L 1 "..\..\User\UserBsp\LCD_Driver\asc32.c"
N/*
N***********************************************************************************
N*                    作    者: 徐松亮
N*                    更新时间: 2015-06-03
N***********************************************************************************
N*/
N/*
N*********************************************************************************************************
N*
N*   模块名称 : ASCII字符点阵
N*   文件名称 : ASC32.c
N*   版    本 : V1.0
N*   说    明 : 只做了部分字符,并非是全部
N*   修改记录 :
N*       版本号  日期       作者    说明
N*       v1.0    2015-06-29 XSL     ST固件库V3.5.0版本。
N*
N*   Copyright (C), 2010-2011, XKAP
N*
N*********************************************************************************************************
N*/
N
Nunsigned char const g_Ascii32[] =
N{
N// 0
N    0x00,0x00,0x00,0x00,0x00,0x00,0x00,0x00,0xE0,0x03,0xF8,0x0F,0x3C,0x1E,0x1C,0x1C,
N    0x0E,0x38,0x0E,0x38,0x0F,0x38,0x07,0x70,0x07,0x70,0x07,0x70,0x07,0x70,0x07,0x70,
N    0x07,0x70,0x07,0x70,0x07,0x70,0x07,0x70,0x0E,0x38,0x0E,0x38,0x0E,0x38,0x1C,0x1C,
N    0x3C,0x1E,0xF8,0x0F,0xE0,0x03,0x00,0x00,0x00,0x00,0x00,0x00,0x00,0x00,0x00,0x00,
N// 1
N    0x00,0x00,0x00,0x00,0x00,0x00,0x00,0x00,0x80,0x03,0x80,0x03,0xC0,0x03,0xE0,0x03,
N    0xFE,0x03,0xFE,0x03,0x80,0x03,0x80,0x03,0x80,0x03,0x80,0x03,0x80,0x03,0x80,0x03,
N    0x80,0x03,0x80,0x03,0x80,0x03,0x80,0x03,0x80,0x03,0x80,0x03,0x80,0x03,0x80,0x03,
N    0x80,0x03,0x80,0x03,0x80,0x03,0x00,0x00,0x00,0x00,0x00,0x00,0x00,0x00,0x00,0x00,
N
N// 2
N    0x00,0x00,0x00,0x00,0x00,0x00,0x00,0x00,0xE0,0x0F,0xF8,0x1F,0x3C,0x3C,0x1C,0x78,
N    0x0E,0x70,0x0E,0x70,0x0E,0x70,0x00,0x70,0x00,0x70,0x00,0x38,0x00,0x3C,0x00,0x1E,
N    0x00,0x07,0xC0,0x03,0xE0,0x01,0x70,0x00,0x3C,0x00,0x1C,0x00,0x0E,0x00,0x07,0x00,
N    0x07,0x00,0xFF,0x7F,0xFF,0x7F,0x00,0x00,0x00,0x00,0x00,0x00,0x00,0x00,0x00,0x00,
N// 3
N    0x00,0x00,0x00,0x00,0x00,0x00,0x00,0x00,0xE0,0x07,0xF8,0x0F,0x3C,0x1E,0x1C,0x3C,
N    0x0E,0x38,0x0E,0x38,0x0E,0x38,0x00,0x38,0x00,0x1C,0x00,0x1E,0xE0,0x07,0xE0,0x1F,
N    0x00,0x3C,0x00,0x38,0x00,0x70,0x00,0x70,0x07,0x70,0x07,0x70,0x07,0x70,0x0E,0x38,
N    0x1E,0x3E,0xFC,0x1F,0xF0,0x07,0x00,0x00,0x00,0x00,0x00,0x00,0x00,0x00,0x00,0x00,
N// 4
N    0x00,0x00,0x00,0x00,0x00,0x00,0x00,0x00,0x00,0x0E,0x00,0x0F,0x80,0x0F,0x80,0x0F,
N    0xC0,0x0F,0xC0,0x0F,0xE0,0x0E,0x70,0x0E,0x70,0x0E,0x38,0x0E,0x38,0x0E,0x1C,0x0E,
N    0x0E,0x0E,0x0E,0x0E,0x07,0x0E,0xFF,0x7F,0xFF,0x7F,0x00,0x0E,0x00,0x0E,0x00,0x0E,
N    0x00,0x0E,0x00,0x0E,0x00,0x0E,0x00,0x00,0x00,0x00,0x00,0x00,0x00,0x00,0x00,0x00,
N// 5
N    0x00,0x00,0x00,0x00,0x00,0x00,0x00,0x00,0xF8,0x3F,0xF8,0x3F,0x38,0x00,0x3C,0x00,
N    0x3C,0x00,0x3C,0x00,0x1C,0x00,0x1C,0x00,0xFC,0x07,0xFE,0x1F,0x3E,0x3C,0x1E,0x38,
N    0x00,0x78,0x00,0x70,0x00,0x70,0x00,0x70,0x07,0x70,0x07,0x70,0x0F,0x78,0x0E,0x38,
N    0x3C,0x1E,0xF8,0x0F,0xF0,0x07,0x00,0x00,0x00,0x00,0x00,0x00,0x00,0x00,0x00,0x00,
N// 6
N    0x00,0x00,0x00,0x00,0x00,0x00,0x00,0x00,0xE0,0x07,0xF8,0x1F,0x78,0x3C,0x1C,0x38,
N    0x0E,0x70,0x0E,0x70,0x0E,0x00,0x07,0x00,0xE7,0x07,0xFF,0x1F,0x3F,0x3E,0x1F,0x38,
N    0x0F,0x78,0x07,0x70,0x07,0x70,0x07,0x70,0x07,0x70,0x06,0x70,0x0E,0x78,0x1E,0x38,
N    0x3C,0x3E,0xF8,0x1F,0xE0,0x07,0x00,0x00,0x00,0x00,0x00,0x00,0x00,0x00,0x00,0x00,
N// 7
N    0x00,0x00,0x00,0x00,0x00,0x00,0x00,0x00,0xFF,0x3F,0xFF,0x3F,0x00,0x3C,0x00,0x1C,
N    0x00,0x0E,0x00,0x0F,0x00,0x07,0x80,0x07,0x80,0x03,0xC0,0x03,0xC0,0x01,0xC0,0x01,
N    0xE0,0x00,0xE0,0x00,0xE0,0x00,0x70,0x00,0x70,0x00,0x70,0x00,0x70,0x00,0x70,0x00,
N    0x38,0x00,0x38,0x00,0x38,0x00,0x00,0x00,0x00,0x00,0x00,0x00,0x00,0x00,0x00,0x00,
N// 8
N    0x00,0x00,0x00,0x00,0x00,0x00,0x00,0x00,0xF0,0x07,0xF8,0x0F,0x3C,0x1E,0x1E,0x3C,
N    0x0E,0x38,0x0E,0x38,0x0E,0x38,0x1E,0x3C,0x3C,0x1E,0xF8,0x0F,0xF0,0x07,0x1C,0x1E,
N    0x0E,0x38,0x06,0x30,0x07,0x70,0x07,0x70,0x07,0x70,0x07,0x70,0x0F,0x78,0x0E,0x38,
N    0x3E,0x3E,0xFC,0x1F,0xF0,0x07,0x00,0x00,0x00,0x00,0x00,0x00,0x00,0x00,0x00,0x00,
N// 9
N    0x00,0x00,0x00,0x00,0x00,0x00,0x00,0x00,0xF0,0x03,0xFC,0x0F,0x1E,0x1E,0x0E,0x3C,
N    0x0F,0x38,0x07,0x30,0x07,0x70,0x07,0x70,0x07,0x70,0x07,0x70,0x0F,0x78,0x0E,0x7C,
N    0x3E,0x7E,0xFC,0x7F,0xF0,0x73,0x00,0x70,0x00,0x38,0x07,0x38,0x07,0x3C,0x0E,0x1C,
N    0x1E,0x1F,0xFC,0x0F,0xF0,0x03,0x00,0x00,0x00,0x00,0x00,0x00,0x00,0x00,0x00,0x00,
N
N//:
N    0x00,0x00,0x00,0x00,0x00,0x00,0x00,0x00,0x00,0x00,0x00,0x00,0x00,0x00,0x00,0x00,
N    0x00,0x00,0x80,0x01,0xC0,0x03,0xC0,0x03,0x80,0x01,0x00,0x00,0x00,0x00,0x00,0x00,
N    0x00,0x00,0x00,0x00,0x00,0x00,0x80,0x01,0xC0,0x03,0xC0,0x03,0x80,0x01,0x00,0x00,
N    0x00,0x00,0x00,0x00,0x00,0x00,0x00,0x00,0x00,0x00,0x00,0x00,0x00,0x00,0x00,0x00,
N
N//-
N    0x00,0x00,0x00,0x00,0x00,0x00,0x00,0x00,0x00,0x00,0x00,0x00,0x00,0x00,0x00,0x00,
N    0x00,0x00,0x00,0x00,0x00,0x00,0x00,0x00,0x00,0x00,0x00,0x00,0x00,0x00,0xF8,0x1F,
N    0xF8,0x1F,0x00,0x00,0x00,0x00,0x00,0x00,0x00,0x00,0x00,0x00,0x00,0x00,0x00,0x00,
N    0x00,0x00,0x00,0x00,0x00,0x00,0x00,0x00,0x00,0x00,0x00,0x00,0x00,0x00,0x00,0x00,
N
N//%
N    0x00,0x00,0x00,0x00,0x00,0x00,0x00,0x00,0x00,0x00,0x00,0x00,0x00,0x00,0x00,0x00,
N    0x00,0x00,0x1C,0x06,0x36,0x06,0x36,0x03,0x22,0x03,0xA2,0x01,0xA2,0x01,0xB6,0x01,
N    0xF6,0x00,0xDC,0x07,0xE0,0x0D,0xE0,0x0D,0xE0,0x08,0xB0,0x08,0xB0,0x08,0x98,0x0D,
N    0x98,0x0D,0x18,0x07,0x00,0x00,0x00,0x00,0x00,0x00,0x00,0x00,0x00,0x00,0x00,0x00,
N
N//C
N    0x00,0x00,0x00,0x00,0x00,0x00,0x00,0x00,0x00,0x00,0x00,0x00,0x00,0x00,0x00,0x00,
N    0x00,0x00,0x06,0x00,0x09,0x00,0x09,0x00,0xC6,0x0F,0xE0,0x5F,0xF0,0x78,0x30,0x70,
N    0x18,0x00,0x18,0x00,0x18,0x00,0x18,0x00,0x18,0x00,0x18,0x00,0x18,0x00,0x30,0x60,
N    0x70,0x30,0xE0,0x3F,0x80,0x1F,0x00,0x00,0x00,0x00,0x00,0x00,0x00,0x00,0x00,0x00,
N//空格
N    0x00,0x00,0x00,0x00,0x00,0x00,0x00,0x00,0x00,0x00,0x00,0x00,0x00,0x00,0x00,0x00,
N    0x00,0x00,0x00,0x00,0x00,0x00,0x00,0x00,0x00,0x00,0x00,0x00,0x00,0x00,0x00,0x00,
N    0x00,0x00,0x00,0x00,0x00,0x00,0x00,0x00,0x00,0x00,0x00,0x00,0x00,0x00,0x00,0x00,
N    0x00,0x00,0x00,0x00,0x00,0x00,0x00,0x00,0x00,0x00,0x00,0x00,0x00,0x00,0x00,0x00,//未命名文件",0
N};
