L 1 "..\..\User\UserBsp\LCD_Driver\asc64.c"
N/*
N***********************************************************************************
N*                    作    者: 徐松亮
N*                    更新时间: 2015-06-03
N***********************************************************************************
N*/
N/*
N*********************************************************************************************************
N*
N*   模块名称 : ASCII字符点阵
N*   文件名称 : ASC64.c
N*   版    本 : V1.0
N*   说    明 : 只做了部分字符,并非是全部
N*   修改记录 :
N*       版本号  日期       作者    说明
N*       v1.0    2015-06-29 XSL     ST固件库V3.5.0版本。
N*
N*   Copyright (C), 2010-2011, XKAP
N*
N*********************************************************************************************************
N*/
N
Nunsigned char const g_Ascii64[] =
N{
N    // 0
N    0x00,0x00,0x00,0x00,0x00,0x00,0x00,0x00,0x00,0x00,0x00,0x00,0x00,0x00,0x00,0x00,
N    0x00,0x00,0x00,0x00,0x00,0x00,0x00,0x00,0x00,0x00,0x00,0x00,0x00,0x00,0x00,0x00,
N    0x00,0x00,0x00,0x00,0x00,0x00,0x00,0x00,0x00,0xF0,0x1F,0x00,0x00,0xFC,0xFF,0x00,
N    0x00,0xFF,0xFF,0x01,0x80,0xFF,0xFF,0x03,0xC0,0xFF,0xFF,0x07,0xC0,0x7F,0xFC,0x07,
N    0xE0,0x3F,0xF8,0x0F,0xE0,0x1F,0xF0,0x0F,0xF0,0x0F,0xE0,0x1F,0xF0,0x0F,0xE0,0x1F,
N    0xF0,0x0F,0xC0,0x3F,0xF8,0x07,0xC0,0x3F,0xF8,0x07,0xC0,0x3F,0xF8,0x07,0xC0,0x3F,
N    0xF8,0x07,0xC0,0x3F,0xFC,0x03,0x80,0x7F,0xFC,0x03,0x80,0x7F,0xFC,0x03,0x80,0x7F,
N    0xFC,0x03,0x80,0x7F,0xFC,0x03,0x80,0x7F,0xFC,0x03,0x80,0x7F,0xFC,0x03,0x80,0x7F,
N    0xFC,0x03,0x80,0x7F,0xFC,0x03,0x80,0x7F,0xFC,0x03,0x80,0x7F,0xFC,0x03,0x80,0x7F,
N    0xFC,0x03,0x80,0x7F,0xFC,0x03,0x80,0x7F,0xFC,0x03,0x80,0x7F,0xF8,0x07,0xC0,0x3F,
N    0xF8,0x07,0xC0,0x3F,0xF8,0x07,0xC0,0x3F,0xF8,0x07,0xC0,0x3F,0xF0,0x0F,0xE0,0x1F,
N    0xF0,0x0F,0xE0,0x1F,0xF0,0x0F,0xE0,0x1F,0xE0,0x1F,0xF0,0x0F,0xE0,0x3F,0xF8,0x0F,
N    0xC0,0x7F,0xFC,0x07,0xC0,0xFF,0xFF,0x07,0x80,0xFF,0xFF,0x03,0x00,0xFF,0xFF,0x01,
N    0x00,0xFC,0xFF,0x00,0x00,0xF0,0x1F,0x00,0x00,0x00,0x00,0x00,0x00,0x00,0x00,0x00,
N    0x00,0x00,0x00,0x00,0x00,0x00,0x00,0x00,0x00,0x00,0x00,0x00,0x00,0x00,0x00,0x00,
N    0x00,0x00,0x00,0x00,0x00,0x00,0x00,0x00,0x00,0x00,0x00,0x00,0x00,0x00,0x00,0x00,
N    // 1
N    0x00,0x00,0x00,0x00,0x00,0x00,0x00,0x00,0x00,0x00,0x00,0x00,0x00,0x00,0x00,0x00,
N    0x00,0x00,0x00,0x00,0x00,0x00,0x00,0x00,0x00,0x00,0x00,0x00,0x00,0x00,0x00,0x00,
N    0x00,0x00,0x00,0x00,0x00,0x00,0x00,0x00,0x00,0x00,0x1F,0x00,0x00,0x00,0x1F,0x00,
N    0x00,0x80,0x1F,0x00,0x00,0x80,0x1F,0x00,0x00,0xC0,0x1F,0x00,0x00,0xE0,0x1F,0x00,
N    0x00,0xF8,0x1F,0x00,0x80,0xFF,0x1F,0x00,0x80,0xFF,0x1F,0x00,0x80,0xFF,0x1F,0x00,
N    0x80,0xFF,0x1F,0x00,0x00,0xC0,0x1F,0x00,0x00,0xC0,0x1F,0x00,0x00,0xC0,0x1F,0x00,
N    0x00,0xC0,0x1F,0x00,0x00,0xC0,0x1F,0x00,0x00,0xC0,0x1F,0x00,0x00,0xC0,0x1F,0x00,
N    0x00,0xC0,0x1F,0x00,0x00,0xC0,0x1F,0x00,0x00,0xC0,0x1F,0x00,0x00,0xC0,0x1F,0x00,
N    0x00,0xC0,0x1F,0x00,0x00,0xC0,0x1F,0x00,0x00,0xC0,0x1F,0x00,0x00,0xC0,0x1F,0x00,
N    0x00,0xC0,0x1F,0x00,0x00,0xC0,0x1F,0x00,0x00,0xC0,0x1F,0x00,0x00,0xC0,0x1F,0x00,
N    0x00,0xC0,0x1F,0x00,0x00,0xC0,0x1F,0x00,0x00,0xC0,0x1F,0x00,0x00,0xC0,0x1F,0x00,
N    0x00,0xC0,0x1F,0x00,0x00,0xC0,0x1F,0x00,0x00,0xC0,0x1F,0x00,0x00,0xC0,0x1F,0x00,
N    0x00,0xC0,0x1F,0x00,0x00,0xC0,0x1F,0x00,0x00,0xC0,0x1F,0x00,0x00,0xC0,0x1F,0x00,
N    0x00,0xC0,0x1F,0x00,0x00,0xC0,0x1F,0x00,0x00,0x00,0x00,0x00,0x00,0x00,0x00,0x00,
N    0x00,0x00,0x00,0x00,0x00,0x00,0x00,0x00,0x00,0x00,0x00,0x00,0x00,0x00,0x00,0x00,
N    0x00,0x00,0x00,0x00,0x00,0x00,0x00,0x00,0x00,0x00,0x00,0x00,0x00,0x00,0x00,0x00,
N    // 2
N    0x00,0x00,0x00,0x00,0x00,0x00,0x00,0x00,0x00,0x00,0x00,0x00,0x00,0x00,0x00,0x00,
N    0x00,0x00,0x00,0x00,0x00,0x00,0x00,0x00,0x00,0x00,0x00,0x00,0x00,0x00,0x00,0x00,
N    0x00,0x00,0x00,0x00,0x00,0x00,0x00,0x00,0x00,0xF0,0x3F,0x00,0x00,0xFC,0xFF,0x00,
N    0x00,0xFE,0xFF,0x01,0x00,0xFF,0xFF,0x03,0x80,0xFF,0xFF,0x07,0xC0,0x7F,0xFC,0x0F,
N    0xC0,0x3F,0xF0,0x0F,0xE0,0x1F,0xE0,0x0F,0xE0,0x0F,0xE0,0x1F,0xE0,0x0F,0xC0,0x1F,
N    0xF0,0x0F,0xC0,0x1F,0xF0,0x07,0xC0,0x1F,0xF0,0x07,0xC0,0x1F,0xF0,0x07,0xC0,0x1F,
N    0xF0,0x07,0xC0,0x1F,0xF0,0x07,0xE0,0x1F,0x00,0x00,0xE0,0x1F,0x00,0x00,0xF0,0x0F,
N    0x00,0x00,0xF0,0x0F,0x00,0x00,0xF8,0x0F,0x00,0x00,0xFC,0x07,0x00,0x00,0xFE,0x03,
N    0x00,0x00,0xFF,0x03,0x00,0x80,0xFF,0x01,0x00,0xC0,0xFF,0x00,0x00,0xE0,0x7F,0x00,
N    0x00,0xF0,0x3F,0x00,0x00,0xF8,0x1F,0x00,0x00,0xFC,0x0F,0x00,0x00,0xFE,0x07,0x00,
N    0x00,0xFF,0x03,0x00,0x80,0xFF,0x01,0x00,0x80,0xFF,0x00,0x00,0xC0,0x7F,0x00,0x00,
N    0xE0,0x3F,0x00,0x00,0xE0,0x3F,0x00,0x00,0xF0,0x1F,0x00,0x00,0xF0,0x0F,0x00,0x00,
N    0xF8,0x0F,0x00,0x00,0xF8,0xFF,0xFF,0x3F,0xF8,0xFF,0xFF,0x3F,0xF8,0xFF,0xFF,0x3F,
N    0xF8,0xFF,0xFF,0x3F,0xF8,0xFF,0xFF,0x3F,0x00,0x00,0x00,0x00,0x00,0x00,0x00,0x00,
N    0x00,0x00,0x00,0x00,0x00,0x00,0x00,0x00,0x00,0x00,0x00,0x00,0x00,0x00,0x00,0x00,
N    0x00,0x00,0x00,0x00,0x00,0x00,0x00,0x00,0x00,0x00,0x00,0x00,0x00,0x00,0x00,0x00,
N    // 3
N    0x00,0x00,0x00,0x00,0x00,0x00,0x00,0x00,0x00,0x00,0x00,0x00,0x00,0x00,0x00,0x00,
N    0x00,0x00,0x00,0x00,0x00,0x00,0x00,0x00,0x00,0x00,0x00,0x00,0x00,0x00,0x00,0x00,
N    0x00,0x00,0x00,0x00,0x00,0x00,0x00,0x00,0x00,0xF0,0x3F,0x00,0x00,0xFC,0xFF,0x00,
N    0x00,0xFE,0xFF,0x01,0x00,0xFF,0xFF,0x03,0x80,0xFF,0xFF,0x07,0xC0,0x7F,0xF8,0x0F,
N    0xC0,0x3F,0xF0,0x0F,0xE0,0x1F,0xE0,0x1F,0xE0,0x0F,0xE0,0x1F,0xE0,0x0F,0xC0,0x1F,
N    0xF0,0x0F,0xC0,0x1F,0xF0,0x07,0xC0,0x1F,0xF0,0x07,0xC0,0x1F,0xF0,0x07,0xC0,0x1F,
N    0x00,0x00,0xE0,0x1F,0x00,0x00,0xE0,0x1F,0x00,0x00,0xF0,0x0F,0x00,0x00,0xF8,0x0F,
N    0x00,0x00,0xFC,0x07,0x00,0xC0,0xFF,0x07,0x00,0xC0,0xFF,0x01,0x00,0xC0,0xFF,0x01,
N    0x00,0xC0,0xFF,0x03,0x00,0xC0,0xFF,0x07,0x00,0x00,0xFC,0x0F,0x00,0x00,0xF0,0x1F,
N    0x00,0x00,0xE0,0x1F,0x00,0x00,0xC0,0x3F,0x00,0x00,0x80,0x3F,0xF8,0x03,0x80,0x3F,
N    0xF8,0x03,0x80,0x3F,0xF8,0x03,0x80,0x3F,0xF8,0x03,0x80,0x3F,0xF8,0x03,0x80,0x3F,
N    0xF8,0x07,0xC0,0x3F,0xF0,0x07,0xC0,0x3F,0xF0,0x0F,0xE0,0x1F,0xF0,0x1F,0xE0,0x1F,
N    0xE0,0x7F,0xF8,0x0F,0xC0,0xFF,0xFF,0x0F,0xC0,0xFF,0xFF,0x07,0x00,0xFF,0xFF,0x03,
N    0x00,0xFE,0xFF,0x00,0x00,0xF0,0x1F,0x00,0x00,0x00,0x00,0x00,0x00,0x00,0x00,0x00,
N    0x00,0x00,0x00,0x00,0x00,0x00,0x00,0x00,0x00,0x00,0x00,0x00,0x00,0x00,0x00,0x00,
N    0x00,0x00,0x00,0x00,0x00,0x00,0x00,0x00,0x00,0x00,0x00,0x00,0x00,0x00,0x00,0x00,
N    // 4
N    0x00,0x00,0x00,0x00,0x00,0x00,0x00,0x00,0x00,0x00,0x00,0x00,0x00,0x00,0x00,0x00,
N    0x00,0x00,0x00,0x00,0x00,0x00,0x00,0x00,0x00,0x00,0x00,0x00,0x00,0x00,0x00,0x00,
N    0x00,0x00,0x00,0x00,0x00,0x00,0x00,0x00,0x00,0x00,0xFC,0x03,0x00,0x00,0xFE,0x03,
N    0x00,0x00,0xFE,0x03,0x00,0x00,0xFF,0x03,0x00,0x00,0xFF,0x03,0x00,0x80,0xFF,0x03,
N    0x00,0xC0,0xFF,0x03,0x00,0xC0,0xFF,0x03,0x00,0xE0,0xFF,0x03,0x00,0xE0,0xFF,0x03,
N    0x00,0xF0,0xFF,0x03,0x00,0xF8,0xFF,0x03,0x00,0xF8,0xFB,0x03,0x00,0xFC,0xF9,0x03,
N    0x00,0xFC,0xF9,0x03,0x00,0xFE,0xF8,0x03,0x00,0xFF,0xF8,0x03,0x00,0x7F,0xF8,0x03,
N    0x80,0x3F,0xF8,0x03,0x80,0x3F,0xF8,0x03,0xC0,0x1F,0xF8,0x03,0xE0,0x1F,0xF8,0x03,
N    0xE0,0x0F,0xF8,0x03,0xF0,0x07,0xF8,0x03,0xF0,0x07,0xF8,0x03,0xF8,0x03,0xF8,0x03,
N    0xFC,0x03,0xF8,0x03,0xFC,0xFF,0xFF,0x7F,0xFC,0xFF,0xFF,0x7F,0xFC,0xFF,0xFF,0x7F,
N    0xFC,0xFF,0xFF,0x7F,0xFC,0xFF,0xFF,0x7F,0x00,0x00,0xF8,0x03,0x00,0x00,0xF8,0x03,
N    0x00,0x00,0xF8,0x03,0x00,0x00,0xF8,0x03,0x00,0x00,0xF8,0x03,0x00,0x00,0xF8,0x03,
N    0x00,0x00,0xF8,0x03,0x00,0x00,0xF8,0x03,0x00,0x00,0xF8,0x03,0x00,0x00,0xF8,0x03,
N    0x00,0x00,0xF8,0x03,0x00,0x00,0xF8,0x03,0x00,0x00,0x00,0x00,0x00,0x00,0x00,0x00,
N    0x00,0x00,0x00,0x00,0x00,0x00,0x00,0x00,0x00,0x00,0x00,0x00,0x00,0x00,0x00,0x00,
N    0x00,0x00,0x00,0x00,0x00,0x00,0x00,0x00,0x00,0x00,0x00,0x00,0x00,0x00,0x00,0x00,
N    // 5
N    0x00,0x00,0x00,0x00,0x00,0x00,0x00,0x00,0x00,0x00,0x00,0x00,0x00,0x00,0x00,0x00,
N    0x00,0x00,0x00,0x00,0x00,0x00,0x00,0x00,0x00,0x00,0x00,0x00,0x00,0x00,0x00,0x00,
N    0x00,0x00,0x00,0x00,0x00,0x00,0x00,0x00,0x00,0x00,0x00,0x00,0xE0,0xFF,0xFF,0x1F,
N    0xE0,0xFF,0xFF,0x1F,0xE0,0xFF,0xFF,0x1F,0xE0,0xFF,0xFF,0x1F,0xE0,0xFF,0xFF,0x1F,
N    0xE0,0x07,0x00,0x00,0xE0,0x07,0x00,0x00,0xE0,0x07,0x00,0x00,0xE0,0x07,0x00,0x00,
N    0xE0,0x07,0x00,0x00,0xE0,0x07,0x00,0x00,0xF0,0x07,0x00,0x00,0xF0,0x03,0x00,0x00,
N    0xF0,0xF3,0x3F,0x00,0xF0,0xFF,0xFF,0x00,0xF0,0xFF,0xFF,0x03,0xF0,0xFF,0xFF,0x07,
N    0xF0,0xFF,0xFF,0x0F,0xF0,0x7F,0xF8,0x0F,0xF0,0x1F,0xF0,0x1F,0xF0,0x0F,0xE0,0x1F,
N    0xF0,0x07,0xC0,0x1F,0xF0,0x03,0xC0,0x3F,0x00,0x00,0x80,0x3F,0x00,0x00,0x80,0x3F,
N    0x00,0x00,0x80,0x3F,0x00,0x00,0x80,0x3F,0x00,0x00,0x80,0x3F,0x00,0x00,0x80,0x3F,
N    0xF8,0x03,0x80,0x3F,0xF8,0x03,0x80,0x3F,0xF8,0x03,0x80,0x3F,0xF8,0x03,0xC0,0x3F,
N    0xF8,0x07,0xC0,0x1F,0xF0,0x07,0xE0,0x1F,0xF0,0x0F,0xE0,0x1F,0xF0,0x1F,0xF0,0x0F,
N    0xE0,0x3F,0xFC,0x07,0xC0,0xFF,0xFF,0x07,0x80,0xFF,0xFF,0x03,0x00,0xFF,0xFF,0x01,
N    0x00,0xFE,0x7F,0x00,0x00,0xF8,0x1F,0x00,0x00,0x00,0x00,0x00,0x00,0x00,0x00,0x00,
N    0x00,0x00,0x00,0x00,0x00,0x00,0x00,0x00,0x00,0x00,0x00,0x00,0x00,0x00,0x00,0x00,
N    0x00,0x00,0x00,0x00,0x00,0x00,0x00,0x00,0x00,0x00,0x00,0x00,0x00,0x00,0x00,0x00,
N    // 6
N    0x00,0x00,0x00,0x00,0x00,0x00,0x00,0x00,0x00,0x00,0x00,0x00,0x00,0x00,0x00,0x00,
N    0x00,0x00,0x00,0x00,0x00,0x00,0x00,0x00,0x00,0x00,0x00,0x00,0x00,0x00,0x00,0x00,
N    0x00,0x00,0x00,0x00,0x00,0x00,0x00,0x00,0x00,0xC0,0x7F,0x00,0x00,0xF8,0xFF,0x01,
N    0x00,0xFC,0xFF,0x03,0x00,0xFE,0xFF,0x07,0x00,0xFF,0xFF,0x0F,0x80,0xFF,0xF1,0x1F,
N    0xC0,0x7F,0xE0,0x1F,0xC0,0x3F,0xC0,0x3F,0xE0,0x3F,0x80,0x3F,0xE0,0x1F,0x80,0x3F,
N    0xE0,0x1F,0x80,0x3F,0xF0,0x0F,0x00,0x00,0xF0,0x0F,0x00,0x00,0xF0,0x0F,0x00,0x00,
N    0xF0,0xCF,0x7F,0x00,0xF8,0xF7,0xFF,0x01,0xF8,0xFF,0xFF,0x03,0xF8,0xFF,0xFF,0x07,
N    0xF8,0xFF,0xFF,0x0F,0xF8,0xFF,0xFC,0x0F,0xF8,0x3F,0xF0,0x1F,0xF8,0x1F,0xF0,0x1F,
N    0xF8,0x0F,0xE0,0x1F,0xF8,0x0F,0xE0,0x3F,0xF8,0x0F,0xC0,0x3F,0xF8,0x07,0xC0,0x3F,
N    0xF8,0x07,0xC0,0x3F,0xF8,0x07,0xC0,0x3F,0xF8,0x07,0xC0,0x3F,0xF8,0x07,0xC0,0x3F,
N    0xF8,0x07,0xC0,0x3F,0xF0,0x07,0xC0,0x3F,0xF0,0x0F,0xC0,0x3F,0xF0,0x0F,0xC0,0x3F,
N    0xF0,0x0F,0xE0,0x1F,0xE0,0x1F,0xE0,0x1F,0xE0,0x1F,0xF0,0x1F,0xC0,0x3F,0xF8,0x0F,
N    0xC0,0xFF,0xFC,0x0F,0x80,0xFF,0xFF,0x07,0x00,0xFF,0xFF,0x07,0x00,0xFE,0xFF,0x03,
N    0x00,0xFC,0xFF,0x00,0x00,0xF0,0x3F,0x00,0x00,0x00,0x00,0x00,0x00,0x00,0x00,0x00,
N    0x00,0x00,0x00,0x00,0x00,0x00,0x00,0x00,0x00,0x00,0x00,0x00,0x00,0x00,0x00,0x00,
N    0x00,0x00,0x00,0x00,0x00,0x00,0x00,0x00,0x00,0x00,0x00,0x00,0x00,0x00,0x00,0x00,
N    // 7
N    0x00,0x00,0x00,0x00,0x00,0x00,0x00,0x00,0x00,0x00,0x00,0x00,0x00,0x00,0x00,0x00,
N    0x00,0x00,0x00,0x00,0x00,0x00,0x00,0x00,0x00,0x00,0x00,0x00,0x00,0x00,0x00,0x00,
N    0x00,0x00,0x00,0x00,0x00,0x00,0x00,0x00,0x00,0x00,0x00,0x00,0xF0,0xFF,0xFF,0x1F,
N    0xF0,0xFF,0xFF,0x1F,0xF0,0xFF,0xFF,0x1F,0xF0,0xFF,0xFF,0x1F,0xF0,0xFF,0xFF,0x1F,
N    0x00,0x00,0xC0,0x1F,0x00,0x00,0xE0,0x1F,0x00,0x00,0xE0,0x0F,0x00,0x00,0xE0,0x0F,
N    0x00,0x00,0xF0,0x0F,0x00,0x00,0xF0,0x07,0x00,0x00,0xF0,0x07,0x00,0x00,0xF0,0x07,
N    0x00,0x00,0xF8,0x07,0x00,0x00,0xF8,0x03,0x00,0x00,0xF8,0x03,0x00,0x00,0xFC,0x03,
N    0x00,0x00,0xFC,0x01,0x00,0x00,0xFC,0x01,0x00,0x00,0xFE,0x01,0x00,0x00,0xFE,0x01,
N    0x00,0x00,0xFE,0x00,0x00,0x00,0xFE,0x00,0x00,0x00,0xFF,0x00,0x00,0x00,0x7F,0x00,
N    0x00,0x00,0x7F,0x00,0x00,0x80,0x7F,0x00,0x00,0x80,0x3F,0x00,0x00,0x80,0x3F,0x00,
N    0x00,0xC0,0x3F,0x00,0x00,0xC0,0x3F,0x00,0x00,0xC0,0x1F,0x00,0x00,0xC0,0x1F,0x00,
N    0x00,0xE0,0x1F,0x00,0x00,0xE0,0x0F,0x00,0x00,0xE0,0x0F,0x00,0x00,0xF0,0x0F,0x00,
N    0x00,0xF0,0x0F,0x00,0x00,0xF0,0x07,0x00,0x00,0xF0,0x07,0x00,0x00,0xF8,0x07,0x00,
N    0x00,0xF8,0x03,0x00,0x00,0xF8,0x03,0x00,0x00,0x00,0x00,0x00,0x00,0x00,0x00,0x00,
N    0x00,0x00,0x00,0x00,0x00,0x00,0x00,0x00,0x00,0x00,0x00,0x00,0x00,0x00,0x00,0x00,
N    0x00,0x00,0x00,0x00,0x00,0x00,0x00,0x00,0x00,0x00,0x00,0x00,0x00,0x00,0x00,0x00,
N    // 8
N    0x00,0x00,0x00,0x00,0x00,0x00,0x00,0x00,0x00,0x00,0x00,0x00,0x00,0x00,0x00,0x00,
N    0x00,0x00,0x00,0x00,0x00,0x00,0x00,0x00,0x00,0x00,0x00,0x00,0x00,0x00,0x00,0x00,
N    0x00,0x00,0x00,0x00,0x00,0x00,0x00,0x00,0x00,0xF0,0x3F,0x00,0x00,0xFC,0xFF,0x00,
N    0x00,0xFF,0xFF,0x03,0x80,0xFF,0xFF,0x07,0xC0,0xFF,0xFF,0x0F,0xC0,0x7F,0xF8,0x0F,
N    0xE0,0x1F,0xE0,0x1F,0xE0,0x0F,0xC0,0x1F,0xF0,0x0F,0xC0,0x3F,0xF0,0x07,0x80,0x3F,
N    0xF0,0x07,0x80,0x3F,0xF0,0x07,0x80,0x3F,0xF0,0x07,0x80,0x3F,0xF0,0x07,0x80,0x3F,
N    0xF0,0x07,0x80,0x3F,0xF0,0x0F,0xC0,0x3F,0xE0,0x0F,0xC0,0x1F,0xE0,0x1F,0xE0,0x1F,
N    0xC0,0x7F,0xF8,0x0F,0x80,0xFF,0xFF,0x07,0x00,0xFF,0xFF,0x03,0x00,0xFE,0xFF,0x01,
N    0x80,0xFF,0xFF,0x07,0xC0,0xFF,0xFF,0x0F,0xE0,0x7F,0xF8,0x1F,0xF0,0x1F,0xE0,0x3F,
N    0xF0,0x0F,0xC0,0x3F,0xF8,0x07,0x80,0x7F,0xF8,0x03,0x00,0x7F,0xF8,0x03,0x00,0x7F,
N    0xF8,0x03,0x00,0x7F,0xF8,0x03,0x00,0x7F,0xF8,0x03,0x00,0x7F,0xF8,0x03,0x00,0x7F,
N    0xF8,0x07,0x80,0x7F,0xF8,0x07,0x80,0x7F,0xF0,0x0F,0xC0,0x3F,0xF0,0x1F,0xE0,0x3F,
N    0xE0,0x7F,0xF8,0x1F,0xE0,0xFF,0xFF,0x1F,0xC0,0xFF,0xFF,0x0F,0x80,0xFF,0xFF,0x07,
N    0x00,0xFE,0xFF,0x01,0x00,0xF0,0x3F,0x00,0x00,0x00,0x00,0x00,0x00,0x00,0x00,0x00,
N    0x00,0x00,0x00,0x00,0x00,0x00,0x00,0x00,0x00,0x00,0x00,0x00,0x00,0x00,0x00,0x00,
N    0x00,0x00,0x00,0x00,0x00,0x00,0x00,0x00,0x00,0x00,0x00,0x00,0x00,0x00,0x00,0x00,
N    // 9
N    0x00,0x00,0x00,0x00,0x00,0x00,0x00,0x00,0x00,0x00,0x00,0x00,0x00,0x00,0x00,0x00,
N    0x00,0x00,0x00,0x00,0x00,0x00,0x00,0x00,0x00,0x00,0x00,0x00,0x00,0x00,0x00,0x00,
N    0x00,0x00,0x00,0x00,0x00,0x00,0x00,0x00,0x00,0xF8,0x1F,0x00,0x00,0xFE,0x7F,0x00,
N    0x80,0xFF,0xFF,0x00,0xC0,0xFF,0xFF,0x01,0xC0,0xFF,0xFF,0x03,0xE0,0x7F,0xFE,0x07,
N    0xF0,0x1F,0xF8,0x07,0xF0,0x0F,0xF0,0x0F,0xF0,0x0F,0xE0,0x0F,0xF8,0x0F,0xE0,0x1F,
N    0xF8,0x07,0xE0,0x1F,0xF8,0x07,0xC0,0x1F,0xF8,0x07,0xC0,0x1F,0xF8,0x07,0xC0,0x3F,
N    0xF8,0x07,0xC0,0x3F,0xF8,0x07,0xC0,0x3F,0xF8,0x07,0xC0,0x3F,0xF8,0x07,0xC0,0x3F,
N    0xF8,0x0F,0xE0,0x3F,0xF8,0x0F,0xE0,0x3F,0xF0,0x0F,0xF0,0x3F,0xF0,0x1F,0xF8,0x3F,
N    0xE0,0x3F,0xFC,0x3F,0xE0,0xFF,0xFF,0x3F,0xC0,0xFF,0xFF,0x3F,0x80,0xFF,0xFF,0x3F,
N    0x00,0xFF,0xDF,0x3F,0x00,0xFC,0xC7,0x3F,0x00,0x00,0xC0,0x3F,0x00,0x00,0xE0,0x1F,
N    0x00,0x00,0xE0,0x1F,0x00,0x00,0xE0,0x1F,0x00,0x00,0xE0,0x1F,0xF0,0x07,0xF0,0x0F,
N    0xF0,0x07,0xF0,0x0F,0xF0,0x07,0xF8,0x0F,0xF0,0x0F,0xF8,0x07,0xE0,0x1F,0xFC,0x07,
N    0xE0,0x3F,0xFE,0x03,0xC0,0xFF,0xFF,0x01,0xC0,0xFF,0xFF,0x01,0x80,0xFF,0xFF,0x00,
N    0x00,0xFE,0x3F,0x00,0x00,0xF8,0x0F,0x00,0x00,0x00,0x00,0x00,0x00,0x00,0x00,0x00,
N    0x00,0x00,0x00,0x00,0x00,0x00,0x00,0x00,0x00,0x00,0x00,0x00,0x00,0x00,0x00,0x00,
N    0x00,0x00,0x00,0x00,0x00,0x00,0x00,0x00,0x00,0x00,0x00,0x00,0x00,0x00,0x00,0x00,
N    // :
N    0x00,0x00,0x00,0x00,0x00,0x00,0x00,0x00,0x00,0x00,0x00,0x00,0x00,0x00,0x00,0x00,
N    0x00,0x00,0x00,0x00,0x00,0x00,0x00,0x00,0x00,0x00,0x00,0x00,0x00,0x00,0x00,0x00,
N    0x00,0x00,0x00,0x00,0x00,0x00,0x00,0x00,0x00,0x00,0x00,0x00,0x00,0x00,0x00,0x00,
N    0x00,0x00,0x00,0x00,0x00,0x00,0x00,0x00,0x00,0x00,0x00,0x00,0x00,0x00,0x00,0x00,
N    0x00,0x00,0x00,0x00,0x00,0xC0,0x03,0x00,0x00,0xE0,0x07,0x00,0x00,0xF0,0x0F,0x00,
N    0x00,0xF0,0x0F,0x00,0x00,0xF0,0x0F,0x00,0x00,0xF0,0x0F,0x00,0x00,0xE0,0x07,0x00,
N    0x00,0xC0,0x03,0x00,0x00,0x00,0x00,0x00,0x00,0x00,0x00,0x00,0x00,0x00,0x00,0x00,
N    0x00,0x00,0x00,0x00,0x00,0x00,0x00,0x00,0x00,0x00,0x00,0x00,0x00,0x00,0x00,0x00,
N    0x00,0x00,0x00,0x00,0x00,0x00,0x00,0x00,0x00,0x00,0x00,0x00,0x00,0x00,0x00,0x00,
N    0x00,0x00,0x00,0x00,0x00,0x00,0x00,0x00,0x00,0x00,0x00,0x00,0x00,0x00,0x00,0x00,
N    0x00,0xC0,0x03,0x00,0x00,0xE0,0x07,0x00,0x00,0xF0,0x0F,0x00,0x00,0xF0,0x0F,0x00,
N    0x00,0xF0,0x0F,0x00,0x00,0xF0,0x0F,0x00,0x00,0xE0,0x07,0x00,0x00,0xC0,0x03,0x00,
N    0x00,0x00,0x00,0x00,0x00,0x00,0x00,0x00,0x00,0x00,0x00,0x00,0x00,0x00,0x00,0x00,
N    0x00,0x00,0x00,0x00,0x00,0x00,0x00,0x00,0x00,0x00,0x00,0x00,0x00,0x00,0x00,0x00,
N    0x00,0x00,0x00,0x00,0x00,0x00,0x00,0x00,0x00,0x00,0x00,0x00,0x00,0x00,0x00,0x00,
N    0x00,0x00,0x00,0x00,0x00,0x00,0x00,0x00,0x00,0x00,0x00,0x00,0x00,0x00,0x00,0x00,
N    // A
N    0x00,0x00,0x00,0x00,0x00,0x00,0x00,0x00,0x00,0x00,0x00,0x00,0x00,0x00,0x00,0x00,
N    0x00,0x00,0x00,0x00,0x00,0x00,0x00,0x00,0x00,0x00,0x00,0x00,0x00,0x00,0x00,0x00,
N    0x00,0x00,0x00,0x00,0x00,0x00,0x00,0x00,0x00,0xE0,0x03,0x00,0x00,0xE0,0x07,0x00,
N    0x00,0xE0,0x07,0x00,0x00,0xF0,0x07,0x00,0x00,0xF0,0x07,0x00,0x00,0xF0,0x0F,0x00,
N    0x00,0xF0,0x0F,0x00,0x00,0xF8,0x0F,0x00,0x00,0xF8,0x1F,0x00,0x00,0xF8,0x1F,0x00,
N    0x00,0xFC,0x1F,0x00,0x00,0x7C,0x1F,0x00,0x00,0x7C,0x3E,0x00,0x00,0x7E,0x3E,0x00,
N    0x00,0x3E,0x3E,0x00,0x00,0x3E,0x7E,0x00,0x00,0x3E,0x7C,0x00,0x00,0x3F,0x7C,0x00,
N    0x00,0x1F,0x7C,0x00,0x00,0x1F,0xFC,0x00,0x80,0x1F,0xF8,0x00,0x80,0x1F,0xF8,0x00,
N    0x80,0x0F,0xF8,0x01,0x80,0x0F,0xF8,0x01,0xC0,0x0F,0xF0,0x01,0xC0,0x0F,0xF0,0x01,
N    0xC0,0xFF,0xFF,0x03,0xE0,0xFF,0xFF,0x03,0xE0,0xFF,0xFF,0x03,0xE0,0xFF,0xFF,0x07,
N    0xE0,0xFF,0xFF,0x07,0xF0,0x03,0xC0,0x07,0xF0,0x03,0xC0,0x07,0xF0,0x01,0xC0,0x0F,
N    0xF8,0x01,0xC0,0x0F,0xF8,0x01,0x80,0x0F,0xF8,0x01,0x80,0x1F,0xF8,0x00,0x80,0x1F,
N    0xFC,0x00,0x80,0x1F,0xFC,0x00,0x00,0x3F,0xFC,0x00,0x00,0x3F,0x7E,0x00,0x00,0x3F,
N    0x7E,0x00,0x00,0x3F,0x7E,0x00,0x00,0x7E,0x00,0x00,0x00,0x00,0x00,0x00,0x00,0x00,
N    0x00,0x00,0x00,0x00,0x00,0x00,0x00,0x00,0x00,0x00,0x00,0x00,0x00,0x00,0x00,0x00,
N    0x00,0x00,0x00,0x00,0x00,0x00,0x00,0x00,0x00,0x00,0x00,0x00,0x00,0x00,0x00,0x00,
N    // K
N    0x00,0x00,0x00,0x00,0x00,0x00,0x00,0x00,0x00,0x00,0x00,0x00,0x00,0x00,0x00,0x00,
N    0x00,0x00,0x00,0x00,0x00,0x00,0x00,0x00,0x00,0x00,0x00,0x00,0x00,0x00,0x00,0x00,
N    0x00,0x00,0x00,0x00,0x00,0x00,0x00,0x00,0x00,0x00,0x00,0x00,0xF8,0x01,0xC0,0x1F,
N    0xF8,0x01,0xC0,0x0F,0xF8,0x01,0xE0,0x0F,0xF8,0x01,0xF0,0x07,0xF8,0x01,0xF8,0x03,
N    0xF8,0x01,0xF8,0x01,0xF8,0x01,0xFC,0x00,0xF8,0x01,0xFE,0x00,0xF8,0x01,0x7F,0x00,
N    0xF8,0x81,0x3F,0x00,0xF8,0x81,0x1F,0x00,0xF8,0xC1,0x0F,0x00,0xF8,0xE1,0x0F,0x00,
N    0xF8,0xF1,0x07,0x00,0xF8,0xF1,0x03,0x00,0xF8,0xF9,0x01,0x00,0xF8,0xFD,0x00,0x00,
N    0xF8,0xFF,0x01,0x00,0xF8,0xFF,0x01,0x00,0xF8,0xFF,0x03,0x00,0xF8,0xFF,0x03,0x00,
N    0xF8,0xFF,0x07,0x00,0xF8,0xEF,0x07,0x00,0xF8,0xC7,0x0F,0x00,0xF8,0xC3,0x0F,0x00,
N    0xF8,0x81,0x1F,0x00,0xF8,0x81,0x3F,0x00,0xF8,0x01,0x3F,0x00,0xF8,0x01,0x7F,0x00,
N    0xF8,0x01,0x7E,0x00,0xF8,0x01,0xFE,0x00,0xF8,0x01,0xFC,0x00,0xF8,0x01,0xFC,0x01,
N    0xF8,0x01,0xF8,0x01,0xF8,0x01,0xF0,0x03,0xF8,0x01,0xF0,0x07,0xF8,0x01,0xE0,0x07,
N    0xF8,0x01,0xE0,0x0F,0xF8,0x01,0xC0,0x0F,0xF8,0x01,0xC0,0x1F,0xF8,0x01,0x80,0x1F,
N    0xF8,0x01,0x80,0x3F,0xF8,0x01,0x00,0x3F,0x00,0x00,0x00,0x00,0x00,0x00,0x00,0x00,
N    0x00,0x00,0x00,0x00,0x00,0x00,0x00,0x00,0x00,0x00,0x00,0x00,0x00,0x00,0x00,0x00,
N    0x00,0x00,0x00,0x00,0x00,0x00,0x00,0x00,0x00,0x00,0x00,0x00,0x00,0x00,0x00,0x00,
N    // P
N    0x00,0x00,0x00,0x00,0x00,0x00,0x00,0x00,0x00,0x00,0x00,0x00,0x00,0x00,0x00,0x00,
N    0x00,0x00,0x00,0x00,0x00,0x00,0x00,0x00,0x00,0x00,0x00,0x00,0x00,0x00,0x00,0x00,
N    0x00,0x00,0x00,0x00,0x00,0x00,0x00,0x00,0x00,0x00,0x00,0x00,0xF8,0xFF,0x1F,0x00,
N    0xF8,0xFF,0x7F,0x00,0xF8,0xFF,0xFF,0x01,0xF8,0xFF,0xFF,0x03,0xF8,0xFF,0xFF,0x07,
N    0xF8,0x01,0xF0,0x0F,0xF8,0x01,0xE0,0x0F,0xF8,0x01,0xC0,0x1F,0xF8,0x01,0x80,0x1F,
N    0xF8,0x01,0x80,0x1F,0xF8,0x01,0x00,0x1F,0xF8,0x01,0x00,0x1F,0xF8,0x01,0x00,0x1F,
N    0xF8,0x01,0x00,0x1F,0xF8,0x01,0x00,0x1F,0xF8,0x01,0x00,0x1F,0xF8,0x01,0x80,0x1F,
N    0xF8,0x01,0x80,0x1F,0xF8,0x01,0xC0,0x1F,0xF8,0x01,0xE0,0x0F,0xF8,0x01,0xF0,0x0F,
N    0xF8,0xFF,0xFF,0x07,0xF8,0xFF,0xFF,0x03,0xF8,0xFF,0xFF,0x01,0xF8,0xFF,0x7F,0x00,
N    0xF8,0xFF,0x1F,0x00,0xF8,0x01,0x00,0x00,0xF8,0x01,0x00,0x00,0xF8,0x01,0x00,0x00,
N    0xF8,0x01,0x00,0x00,0xF8,0x01,0x00,0x00,0xF8,0x01,0x00,0x00,0xF8,0x01,0x00,0x00,
N    0xF8,0x01,0x00,0x00,0xF8,0x01,0x00,0x00,0xF8,0x01,0x00,0x00,0xF8,0x01,0x00,0x00,
N    0xF8,0x01,0x00,0x00,0xF8,0x01,0x00,0x00,0xF8,0x01,0x00,0x00,0xF8,0x01,0x00,0x00,
N    0xF8,0x01,0x00,0x00,0xF8,0x01,0x00,0x00,0x00,0x00,0x00,0x00,0x00,0x00,0x00,0x00,
N    0x00,0x00,0x00,0x00,0x00,0x00,0x00,0x00,0x00,0x00,0x00,0x00,0x00,0x00,0x00,0x00,
N    0x00,0x00,0x00,0x00,0x00,0x00,0x00,0x00,0x00,0x00,0x00,0x00,0x00,0x00,0x00,0x00,
N    // X
N    0x00,0x00,0x00,0x00,0x00,0x00,0x00,0x00,0x00,0x00,0x00,0x00,0x00,0x00,0x00,0x00,
N    0x00,0x00,0x00,0x00,0x00,0x00,0x00,0x00,0x00,0x00,0x00,0x00,0x00,0x00,0x00,0x00,
N    0x00,0x00,0x00,0x00,0x00,0x00,0x00,0x00,0x00,0x00,0x00,0x00,0xF8,0x00,0x80,0x0F,
N    0xF8,0x01,0xC0,0x0F,0xF0,0x01,0xC0,0x07,0xF0,0x03,0xE0,0x07,0xE0,0x03,0xE0,0x03,
N    0xE0,0x07,0xF0,0x03,0xC0,0x07,0xF0,0x01,0xC0,0x0F,0xF8,0x01,0x80,0x0F,0xF8,0x00,
N    0x80,0x1F,0xFC,0x00,0x00,0x1F,0x7C,0x00,0x00,0x3F,0x7E,0x00,0x00,0x3E,0x3E,0x00,
N    0x00,0x7E,0x3F,0x00,0x00,0x7C,0x1F,0x00,0x00,0xFC,0x1F,0x00,0x00,0xF8,0x0F,0x00,
N    0x00,0xF8,0x0F,0x00,0x00,0xF0,0x07,0x00,0x00,0xF0,0x07,0x00,0x00,0xE0,0x03,0x00,
N    0x00,0xF0,0x07,0x00,0x00,0xF0,0x07,0x00,0x00,0xF8,0x0F,0x00,0x00,0xF8,0x0F,0x00,
N    0x00,0x7C,0x1F,0x00,0x00,0x7E,0x3F,0x00,0x00,0x3E,0x3E,0x00,0x00,0x3F,0x7E,0x00,
N    0x00,0x1F,0x7C,0x00,0x80,0x1F,0xFC,0x00,0x80,0x0F,0xF8,0x00,0xC0,0x0F,0xF8,0x01,
N    0xC0,0x07,0xF0,0x01,0xE0,0x07,0xF0,0x03,0xE0,0x07,0xF0,0x03,0xF0,0x03,0xE0,0x07,
N    0xF0,0x03,0xE0,0x07,0xF8,0x01,0xC0,0x0F,0xF8,0x01,0xC0,0x0F,0xFC,0x00,0x80,0x1F,
N    0xFC,0x00,0x80,0x1F,0x7E,0x00,0x00,0x3F,0x00,0x00,0x00,0x00,0x00,0x00,0x00,0x00,
N    0x00,0x00,0x00,0x00,0x00,0x00,0x00,0x00,0x00,0x00,0x00,0x00,0x00,0x00,0x00,0x00,
N    0x00,0x00,0x00,0x00,0x00,0x00,0x00,0x00,0x00,0x00,0x00,0x00,0x00,0x00,0x00,0x00,
N};
