L 1 "..\..\User\UserBsp\Bsp_CpuFlash.c"
N/*
N***********************************************************************************
N*                    作    者: 徐松亮
N*                    更新时间: 2015-06-03
N***********************************************************************************
N*/
N//------------------------------- Includes -----------------------------------
N#include "Bsp_CpuFlash.h"
L 1 "..\..\User\UserBsp\Bsp_CpuFlash.h" 1
N/*
N***********************************************************************************
N*                    作    者: 徐松亮
N*                    更新时间: 2015-06-03
N* 注意: STM32F1的内部Flash在写入之前必须要擦除,无论数据是不是FF
N* STM32F103*E Flash分配
N* STM32F407*E Flash分配
N***********************************************************************************
N*/
N#ifndef _BSP_CPU_FLASH_H
N#define _BSP_CPU_FLASH_H
N//-------------------加载库函数------------------------------
C "..\..\User\UserBsp\Bsp_CpuFlash.h" 13 22 cannot open source input file "includes.h": No such file or directory
N#include "includes.h"
