L 1 "..\..\User\UserBsp\Bsp_Rfms.c"
N/*
N***********************************************************************************
N*                    作    者: 徐松亮
N*                    更新时间: 2015-06-03
N***********************************************************************************
N*/
N//------------------------------- Includes --------------------
N#include "Bsp_Rfms.h"
L 1 "..\..\User\UserBsp\Bsp_Rfms.h" 1
N/*
N***********************************************************************************
N*                    作    者: 徐松亮
N*                    更新时间: 2015-06-03
N***********************************************************************************
N*/
N//-------------------------------------------------------------------------------
N#ifndef __RFMS_H
N#define __RFMS_H
N//-------------------------------------------------------------------------------
C "..\..\User\UserBsp\Bsp_Rfms.h" 11 22 cannot open source input file "includes.h": No such file or directory
N#include <includes.h>
