L 1 "..\..\User\UserBsp\Bsp_Uart.c"
N/*
N***********************************************************************************
N*                    作    者: 徐松亮
N*                    更新时间: 2015-06-03
N***********************************************************************************
N*/
N//------------------------------------------------------------------------------
N#include "Bsp_Uart.h"
L 1 "..\..\User\UserBsp\Bsp_Uart.h" 1
N/*
N***********************************************************************************
N*                    作    者: 徐松亮
N*                    更新时间: 2015-06-03
N*  说明: 目前STM32F1的驱动UART1-5都是经过测试的,但是STM32F4的驱动只测试过USART3.
N***********************************************************************************
N*/
N#ifndef __BSP_UART_H
N#define __BSP_UART_H
N//-------------------加载库函数------------------------------
C "..\..\User\UserBsp\Bsp_Uart.h" 11 22 cannot open source input file "includes.h": No such file or directory
N#include "includes.h"
