L 1 "..\..\User\UserBsp\LCD_Driver\bsp_touch.c"
N/*
N***********************************************************************************
N*                    作    者: 徐松亮
N*                    更新时间: 2015-06-03
N***********************************************************************************
N*/
N/*
N*********************************************************************************************************
N*
N*	模块名称 : 电阻式触摸板驱动模块
N*	文件名称 : bsp_touch.h
N*	版    本 : V1.1
N*	说    明 : 驱动TS2046芯片 和 RA8875内置触摸
N*	修改记录 :
N*		版本号  日期        作者    说明
N*       v1.0    2012-07-06 armfly  ST固件库V3.5.0版本。
N*		v1.1    2012-10-22 armfly  增加4点校准
N*
N*********************************************************************************************************
N*/
N
C "..\..\User\UserBsp\LCD_Driver\bsp_touch.c" 22 22 cannot open source input file "includes.h": No such file or directory
N#include "includes.h"
