L 1 "..\..\User\UserBsp\Bsp_Tim.c"
N/*
N***********************************************************************************
N*                    作    者: 徐松亮
N*                    更新时间: 2015-06-03
N***********************************************************************************
N*/
N#include "Bsp_Tim.h"
L 1 "..\..\User\UserBsp\Bsp_Tim.h" 1
N/*
N***********************************************************************************
N*                    作    者: 徐松亮
N*                    更新时间: 2015-06-03
N***********************************************************************************
N*/
N#ifndef __BSP_TIM_H 
N#define __BSP_TIM_H
N//-------------------加载库函数------------------------------
C "..\..\User\UserBsp\Bsp_Tim.h" 10 22 cannot open source input file "includes.h": No such file or directory
N#include "includes.h"
