L 1 "..\..\User\UserBsp\Stm32F4\src\bsp_dwt.c"
N/*
N*********************************************************************************************************
N*
N*	模块名称 : 数据观察点与跟踪(DWT)模块
N*	文件名称 : bsp_dwt.c
N*	版    本 : V1.0
N*	说    明 : 在CM3，CM4中可以有3种跟踪源：ETM, ITM 和DWT，本驱动主要实现
N*              DWT中的时钟周期（CYCCNT）计数功能，此功能非常重要，可以很方便的
N*              计算程序执行的时钟周期个数。
N*	修改记录 :
N*		版本号   日期        作者     说明
N*		V1.0    2013-11-08  armfly   正式发布
N*
N*	Copyright (C), 2013-2014, 安富莱电子 www.armfly.com
N*
N*********************************************************************************************************
N*/
N
C "..\..\User\UserBsp\Stm32F4\src\bsp_dwt.c" 19 17 cannot open source input file "bsp.h": No such file or directory
N#include "bsp.h"
