L 1 "..\..\User\UserModule\Count.c"
N/*
N***********************************************************************************
N*                    作    者: 徐松亮
N*                    更新时间: 2015-06-03
N***********************************************************************************
N*/
N#define COUNT_GLOBAL
N#include "Count.h"
L 1 "..\..\User\UserModule\Count.h" 1
N/*
N***********************************************************************************
N*                    作    者: 徐松亮
N*                    更新时间: 2015-07-06
N***********************************************************************************
N*/
N//--------------------------------
N#ifndef __COUNT_H
N#define __COUNT_H
N//-------------------加载库函数------------------------------
C "..\..\User\UserModule\Count.h" 11 22 cannot open source input file "includes.h": No such file or directory
N#include "includes.h"
