L 1 "..\..\User\UserModule\Debug.c"
N/*
N***********************************************************************************
N*                    作    者: 徐松亮
N*                    更新时间: 2015-06-03
N***********************************************************************************
N*/
N#include "Debug.h"
L 1 "..\..\User\UserModule\Debug.h" 1
N/*
N***********************************************************************************
N*                    作    者: 徐松亮
N*                    更新时间: 2015-06-03
N***********************************************************************************
N*/
N//-------------------------------------------------------------------------------
N#ifndef __DEBUG_H
N#define __DEBUG_H
N
C "..\..\User\UserModule\Debug.h" 11 22 cannot open source input file "includes.h": No such file or directory
N#include "includes.h"
