L 1 "..\..\User\UserBsp\LCD_Driver\hz16.c"
N/*
N***********************************************************************************
N*                    作    者: 徐松亮
N*                    更新时间: 2015-06-03
N***********************************************************************************
N*/
N/*
N*********************************************************************************************************
N*
N*   模块名称 : 汉字点阵字库。有效显示区 高16x宽15, 最右一列留白
N*   文件名称 : hz16.c
N*   版    本 : V1.0
N*   说    明 : 只包含本程序用到汉字字库
N*  提取方式 : 宋体 阴码 逐行式 顺向
N*   修改记录 :
N*       版本号  日期       作者    说明
N*       v1.0    2011-09-08 armfly  ST固件库V3.5.0版本。
N*       v1.1    2015-06-30 XSL     增加字库
N*
N*********************************************************************************************************
N*/
N
N
N/*
N    FLASH中内嵌小字库，只包括本程序用到的汉字点阵
N    每行点阵数据，头2字节是汉子的内码，后面32字节是16点阵汉子的字模数据。
N*/
N
Nunsigned char const g_Hz16[] =
N{
N    0xB0,0xB2, 0x02,0x00,0x01,0x00,0x7F,0xFE,0x40,0x02,0x82,0x04,0x02,0x00,0x02,0x04,0xFF,0xFE,// 安 //
N    0x04,0x20,0x08,0x20,0x18,0x20,0x06,0x40,0x01,0x80,0x02,0x40,0x0C,0x30,0x30,0x10,
N
N    0xB1,0xB3, 0x04,0x40,0x04,0x44,0x7C,0x78,0x04,0x42,0x1C,0x42,0xE4,0x3E,0x40,0x10,0x1F,0xF8,// 背 //
N    0x10,0x10,0x1F,0xF0,0x10,0x10,0x1F,0xF0,0x10,0x10,0x10,0x10,0x10,0x50,0x10,0x20,
N
N    0xB1,0xEA, 0x10,0x00,0x10,0x10,0x13,0xF8,0x10,0x00,0xFC,0x00,0x10,0x04,0x37,0xFE,0x38,0x40,// 标 //
N    0x54,0x40,0x51,0x50,0x91,0x48,0x12,0x4C,0x14,0x44,0x10,0x40,0x11,0x40,0x10,0x80,
N
N    0xB3,0xCC, 0x08,0x04,0x1D,0xFE,0xF1,0x04,0x11,0x04,0x11,0x04,0xFF,0x04,0x11,0xFC,0x38,0x00,// 程 //
N    0x37,0xFE,0x54,0x20,0x50,0x28,0x91,0xFC,0x10,0x20,0x10,0x24,0x17,0xFE,0x10,0x00,
N
N    0xB4,0xA5, 0x20,0x20,0x20,0x20,0x3C,0x20,0x48,0x24,0x51,0xFE,0xFD,0x24,0x55,0x24,0x55,0x24,// 触 //
N    0x7D,0x24,0x55,0x24,0x55,0xFC,0x7D,0x20,0x54,0x28,0x54,0x3C,0x55,0xE2,0x8C,0x82,
N
N    0xB4,0xA6, 0x00,0x40,0x10,0x40,0x10,0x40,0x10,0x40,0x1E,0x40,0x22,0x60,0x22,0x50,0x22,0x4C,// 处 //
N    0x54,0x44,0x94,0x40,0x08,0x40,0x14,0x40,0x14,0x40,0x22,0x06,0x41,0xFC,0x80,0x00,
N
N    0xB4,0xAE, 0x01,0x00,0x01,0x08,0x3F,0xFC,0x21,0x08,0x21,0x08,0x3F,0xF8,0x01,0x00,0x01,0x04,// 串 //
N    0x7F,0xFE,0x41,0x04,0x41,0x04,0x7F,0xFC,0x41,0x04,0x01,0x00,0x01,0x00,0x01,0x00,
N
N    0xB5,0xB1, 0x01,0x00,0x21,0x08,0x19,0x18,0x09,0x20,0x01,0x00,0x01,0x08,0x7F,0xFC,0x00,0x08,// 当 //
N    0x00,0x08,0x00,0x08,0x3F,0xF8,0x00,0x08,0x00,0x08,0x00,0x08,0x7F,0xF8,0x00,0x08,
N
N    0xB5,0xE3, 0x02,0x00,0x02,0x00,0x02,0x08,0x03,0xFC,0x02,0x00,0x02,0x10,0x3F,0xF8,0x20,0x10,// 点 //
N    0x20,0x10,0x20,0x10,0x3F,0xF0,0x00,0x00,0x29,0x10,0x24,0xC8,0x44,0x44,0x80,0x04,
N
N    0xB5,0xF7, 0x40,0x04,0x27,0xFE,0x24,0x44,0x04,0x44,0x05,0xF4,0xE4,0x44,0x24,0x54,0x27,0xFC,// 调 //
N    0x24,0x04,0x25,0xF4,0x25,0x14,0x2D,0x14,0x35,0xF4,0x25,0x04,0x08,0x14,0x10,0x08,
N
N    0xB6,0xC8, 0x01,0x00,0x00,0x84,0x3F,0xFE,0x22,0x20,0x22,0x28,0x3F,0xFC,0x22,0x20,0x23,0xE0,// 度 //
N    0x20,0x00,0x2F,0xF0,0x22,0x20,0x21,0x40,0x20,0x80,0x43,0x60,0x8C,0x1E,0x30,0x04,
N
N    0xB8,0xBB, 0x02,0x00,0x01,0x00,0x7F,0xFE,0x40,0x22,0x9F,0xF4,0x00,0x00,0x1F,0xF0,0x10,0x10,// 富 //
N    0x1F,0xF0,0x00,0x08,0x3F,0xFC,0x21,0x08,0x3F,0xF8,0x21,0x08,0x3F,0xF8,0x20,0x08,
N
N    0xB8,0xCB, 0x10,0x00,0x10,0x08,0x11,0xFC,0x10,0x20,0xFC,0x20,0x10,0x20,0x30,0x24,0x3B,0xFE,// 杆 //
N    0x54,0x20,0x50,0x20,0x90,0x20,0x10,0x20,0x10,0x20,0x10,0x20,0x10,0x20,0x10,0x20,
N
N    0xB9,0xE2, 0x01,0x00,0x21,0x08,0x11,0x0C,0x09,0x10,0x09,0x20,0x01,0x04,0xFF,0xFE,0x04,0x40,// 光 //
N    0x04,0x40,0x04,0x40,0x04,0x40,0x08,0x40,0x08,0x42,0x10,0x42,0x20,0x3E,0x40,0x00,
N
N    0xBA,0xBA, 0x00,0x00,0x40,0x08,0x37,0xFC,0x10,0x08,0x82,0x08,0x62,0x08,0x22,0x10,0x09,0x10,// 汉 //
N    0x11,0x20,0x20,0xA0,0xE0,0x40,0x20,0xA0,0x21,0x10,0x22,0x08,0x24,0x0E,0x08,0x04,
N
N    0xBC,0xFC, 0x20,0x10,0x27,0x10,0x39,0x7C,0x41,0x14,0x82,0xFE,0x7A,0x14,0x24,0x7C,0x27,0x10,// 键 //
N    0xF9,0x7C,0x21,0x10,0x25,0x14,0x22,0xFE,0x2A,0x10,0x35,0x10,0x28,0x96,0x00,0x7C,
N
N    0xBD,0xDA, 0x04,0x40,0x04,0x44,0xFF,0xFE,0x04,0x40,0x04,0x48,0x7F,0xFC,0x02,0x08,0x02,0x08,// 节 //
N    0x02,0x08,0x02,0x08,0x02,0x48,0x02,0x28,0x02,0x10,0x02,0x00,0x02,0x00,0x02,0x00,
N
N    0xBE,0xB0, 0x1F,0xF0,0x10,0x10,0x1F,0xF0,0x10,0x10,0x1F,0xF0,0x01,0x04,0xFF,0xFE,0x00,0x10,// 景 //
N    0x1F,0xF8,0x10,0x10,0x10,0x10,0x1F,0xF0,0x09,0x20,0x11,0x18,0x65,0x08,0x02,0x00,
N
N    0xC0,0xB3, 0x08,0x20,0x08,0x24,0xFF,0xFE,0x09,0x20,0x01,0x08,0x7F,0xFC,0x01,0x00,0x09,0x20,// 莱 //
N    0x05,0x44,0xFF,0xFE,0x03,0x80,0x05,0x40,0x09,0x30,0x31,0x0E,0xC1,0x04,0x01,0x00,
N
N    0xC0,0xFD, 0x10,0x04,0x10,0x44,0x1F,0xE4,0x22,0x04,0x22,0x14,0x67,0xD4,0xA4,0x54,0x28,0x54,// 例 //
N    0x34,0x94,0x22,0x94,0x21,0x14,0x22,0x04,0x24,0x04,0x28,0x04,0x20,0x14,0x20,0x08,
N
N    0xC1,0xC1, 0x01,0x08,0x7F,0xFC,0x00,0x10,0x1F,0xF8,0x10,0x10,0x10,0x10,0x1F,0xF0,0x00,0x00,// 亮 //
N    0x7F,0xFE,0x40,0x22,0x8F,0xF4,0x08,0x20,0x08,0x20,0x08,0x22,0x10,0x22,0x60,0x1E,
N
N    0xC3,0xFE, 0x11,0x10,0x11,0x14,0x1F,0xFE,0x11,0x10,0xFD,0x18,0x13,0xFC,0x16,0x08,0x1B,0xF8,// 摸 //
N    0x32,0x08,0xD3,0xF8,0x10,0x40,0x1F,0xFE,0x10,0x40,0x10,0xA0,0x51,0x1C,0x26,0x08,
N
N    0xC6,0xC1, 0x00,0x08,0x3F,0xFC,0x20,0x08,0x20,0x08,0x3F,0xF8,0x22,0x20,0x21,0x48,0x2F,0xFC,// 屏 //
N    0x22,0x20,0x22,0x24,0x3F,0xFE,0x22,0x20,0x22,0x20,0x42,0x20,0x84,0x20,0x08,0x20,
N
N    0xC7,0xB0, 0x10,0x10,0x0C,0x30,0x04,0x44,0xFF,0xFE,0x00,0x00,0x3E,0x08,0x22,0x48,0x22,0x48,// 前 //
N    0x3E,0x48,0x22,0x48,0x22,0x48,0x3E,0x48,0x22,0x08,0x22,0x08,0x2A,0x28,0x24,0x10,
N
N    0xC9,0xCF, 0x01,0x00,0x01,0x00,0x01,0x00,0x01,0x00,0x01,0x10,0x01,0xF8,0x01,0x00,0x01,0x00,// 上 //
N    0x01,0x00,0x01,0x00,0x01,0x00,0x01,0x00,0x01,0x00,0x01,0x04,0xFF,0xFE,0x00,0x00,
N
N    0xCA,0xBE, 0x00,0x10,0x3F,0xF8,0x00,0x00,0x00,0x00,0x00,0x00,0x00,0x04,0xFF,0xFE,0x01,0x00,// 示 //
N    0x01,0x00,0x09,0x20,0x19,0x18,0x21,0x0C,0x41,0x04,0x01,0x00,0x05,0x00,0x02,0x00,
N
N    0xCF,0xC2, 0x00,0x04,0xFF,0xFE,0x02,0x00,0x02,0x00,0x02,0x00,0x02,0x80,0x02,0x40,0x02,0x30,// 下 //
N    0x02,0x10,0x02,0x00,0x02,0x00,0x02,0x00,0x02,0x00,0x02,0x00,0x02,0x00,0x02,0x00,
N
N    0xCF,0xD4, 0x00,0x10,0x1F,0xF8,0x10,0x10,0x10,0x10,0x1F,0xF0,0x10,0x10,0x10,0x10,0x1F,0xF0,// 显 //
N    0x14,0x50,0x44,0x44,0x34,0x4C,0x14,0x50,0x04,0x40,0x04,0x44,0xFF,0xFE,0x00,0x00,
N
N    0xD0,0xA3, 0x10,0x40,0x10,0x20,0x10,0x04,0x13,0xFE,0xFC,0x00,0x10,0x88,0x31,0x06,0x3A,0x8A,// 校 //
N    0x54,0x88,0x50,0x50,0x90,0x50,0x10,0x20,0x10,0x50,0x10,0x88,0x13,0x0E,0x1C,0x04,
N
N    0xD2,0xA1, 0x10,0x08,0x10,0x3C,0x17,0xC0,0x12,0x48,0xFD,0x48,0x11,0x50,0x16,0x00,0x1B,0xFC,// 摇 //
N    0x34,0x40,0xD0,0x44,0x1F,0xFE,0x10,0x40,0x12,0x48,0x12,0x48,0x53,0xF8,0x22,0x08,
N
N    0xD4,0xDA, 0x02,0x00,0x02,0x00,0x02,0x04,0xFF,0xFE,0x04,0x00,0x04,0x40,0x08,0x40,0x08,0x50,// 在 //
N    0x13,0xF8,0x30,0x40,0x50,0x40,0x90,0x40,0x10,0x40,0x10,0x44,0x17,0xFE,0x10,0x00,
N
N    0xD5,0xF3, 0x00,0x80,0x78,0x84,0x4F,0xFE,0x50,0x80,0x50,0xA0,0x61,0x20,0x51,0x28,0x4B,0xFC,// 阵 //
N    0x48,0x20,0x48,0x20,0x68,0x24,0x57,0xFE,0x40,0x20,0x40,0x20,0x40,0x20,0x40,0x20,
N
N    0xD6,0xB5, 0x08,0x40,0x08,0x48,0x0F,0xFC,0x10,0x40,0x10,0x48,0x33,0xFC,0x52,0x08,0x93,0xF8,// 值 //
N    0x12,0x08,0x13,0xF8,0x12,0x08,0x13,0xF8,0x12,0x08,0x12,0x08,0x1F,0xFE,0x10,0x00,
N
N    0xD7,0xBC, 0x01,0x40,0x41,0x20,0x31,0x24,0x13,0xFE,0x02,0x20,0x16,0x28,0x1B,0xFC,0x12,0x20,// 准 //
N    0x22,0x28,0xE3,0xFC,0x22,0x20,0x22,0x20,0x22,0x24,0x23,0xFE,0x22,0x00,0x02,0x00,
N
N    0xD7,0xD6, 0x02,0x00,0x01,0x00,0x3F,0xFC,0x20,0x04,0x40,0x08,0x1F,0xE0,0x00,0x40,0x00,0x80,// 字 //
N    0x01,0x04,0xFF,0xFE,0x01,0x00,0x01,0x00,0x01,0x00,0x01,0x00,0x05,0x00,0x02,0x00,
N
N    0xD7,0xF8, 0x01,0x00,0x01,0x00,0x11,0x10,0x11,0x10,0x11,0x10,0x29,0x28,0x25,0x24,0x45,0x44,// 坐 //
N    0x81,0x80,0x01,0x10,0x3F,0xF8,0x01,0x00,0x01,0x00,0x01,0x04,0xFF,0xFE,0x00,0x00,
N
N    0xC7,0xE5, 0x00,0x40,0x40,0x48,0x37,0xFC,0x10,0x40,0x83,0xF8,0x60,0x40,0x2F,0xFE,0x08,0x08,// 清 //
N    0x13,0xFC,0x22,0x08,0xE3,0xF8,0x22,0x08,0x23,0xF8,0x22,0x08,0x22,0x28,0x22,0x10,
N
N    0xB3,0xF6, 0x01,0x00,0x01,0x00,0x21,0x08,0x21,0x08,0x21,0x08,0x21,0x08,0x3F,0xF8,0x21,0x08,// 出 //
N    0x01,0x00,0x41,0x04,0x41,0x04,0x41,0x04,0x41,0x04,0x41,0x04,0x7F,0xFC,0x40,0x04,
N
N    0xC8,0xB7, 0x00,0x40,0x04,0x40,0xFE,0x78,0x10,0x90,0x11,0x24,0x23,0xFE,0x25,0x24,0x7D,0x24,// 确 //
N    0xA5,0xFC,0x25,0x24,0x25,0x24,0x25,0xFC,0x25,0x24,0x3D,0x24,0x22,0x24,0x04,0x0C,
N
N    0xC8,0xCF, 0x00,0x40,0x40,0x40,0x30,0x40,0x10,0x40,0x00,0x40,0x00,0x40,0xF0,0xA0,0x10,0xA0,// 认 //
N    0x10,0xA0,0x11,0x10,0x11,0x10,0x15,0x10,0x1A,0x08,0x12,0x08,0x04,0x06,0x08,0x04,
N
N    0xCD,0xCB, 0x03,0xF8,0x42,0x08,0x32,0x08,0x13,0xF8,0x02,0x08,0x02,0x08,0xF3,0xFC,0x12,0x08,// 退 //
N    0x12,0xD0,0x12,0x20,0x12,0x90,0x13,0x0C,0x12,0x04,0x28,0x00,0x44,0x06,0x03,0xFC,
N
N    0xD6,0xD0, 0x01,0x00,0x01,0x00,0x01,0x04,0x7F,0xFE,0x41,0x04,0x41,0x04,0x41,0x04,0x41,0x04,// 中 //
N    0x7F,0xFC,0x41,0x04,0x01,0x00,0x01,0x00,0x01,0x00,0x01,0x00,0x01,0x00,0x01,0x00,
N
N    0xD0,0xC7, 0x00,0x00,0x1F,0xF0,0x10,0x10,0x1F,0xF0,0x10,0x10,0x1F,0xF0,0x01,0x00,0x11,0x00,
N    0x1F,0xF8,0x21,0x00,0x41,0x00,0x1F,0xF0,0x01,0x00,0x01,0x00,0x7F,0xFC,0x00,0x00,/*"星",0*/
N
N    0xC6,0xDA, 0x22,0x00,0x22,0x7C,0x7F,0x44,0x22,0x44,0x22,0x44,0x3E,0x7C,0x22,0x44,0x22,0x44,
N    0x3E,0x44,0x22,0x7C,0x22,0x44,0xFF,0x44,0x04,0x84,0x22,0x84,0x41,0x14,0x82,0x08,/*"期",1*/
N
N    0xD2,0xBB, 0x00,0x00,0x00,0x00,0x00,0x00,0x00,0x00,0x00,0x00,0x00,0x00,0x00,0x00,0xFF,0xFE,
N    0x00,0x00,0x00,0x00,0x00,0x00,0x00,0x00,0x00,0x00,0x00,0x00,0x00,0x00,0x00,0x00,/*"一",2*/
N
N    0xB6,0xFE, 0x00,0x00,0x00,0x00,0x00,0x00,0x3F,0xF8,0x00,0x00,0x00,0x00,0x00,0x00,0x00,0x00,
N    0x00,0x00,0x00,0x00,0x00,0x00,0x00,0x00,0xFF,0xFE,0x00,0x00,0x00,0x00,0x00,0x00,/*"二",3*/
N
N    0xC8,0xFD, 0x00,0x00,0x00,0x00,0x7F,0xFC,0x00,0x00,0x00,0x00,0x00,0x00,0x00,0x00,0x3F,0xF8,
N    0x00,0x00,0x00,0x00,0x00,0x00,0x00,0x00,0x00,0x00,0xFF,0xFE,0x00,0x00,0x00,0x00,/*"三",4*/
N
N    0xCB,0xC4, 0x00,0x00,0x00,0x00,0x7F,0xFC,0x44,0x44,0x44,0x44,0x44,0x44,0x44,0x44,0x44,0x44,
N    0x48,0x44,0x48,0x3C,0x50,0x04,0x60,0x04,0x40,0x04,0x7F,0xFC,0x40,0x04,0x00,0x00,/*"四",5*/
N
N    0xCE,0xE5, 0x00,0x00,0x7F,0xFC,0x02,0x00,0x02,0x00,0x02,0x00,0x02,0x00,0x3F,0xF0,0x04,0x10,
N    0x04,0x10,0x04,0x10,0x04,0x10,0x08,0x10,0x08,0x10,0x08,0x10,0xFF,0xFE,0x00,0x00,/*"五",6*/
N
N    0xC1,0xF9, 0x02,0x00,0x01,0x00,0x00,0x80,0x00,0x80,0x00,0x00,0xFF,0xFE,0x00,0x00,0x00,0x00,
N    0x04,0x40,0x04,0x20,0x08,0x10,0x08,0x08,0x10,0x08,0x20,0x04,0x40,0x04,0x00,0x00,/*"六",7*/
N
N    0xC8,0xD5, 0x00,0x00,0x1F,0xF0,0x10,0x10,0x10,0x10,0x10,0x10,0x10,0x10,0x10,0x10,0x1F,0xF0,
N    0x10,0x10,0x10,0x10,0x10,0x10,0x10,0x10,0x10,0x10,0x10,0x10,0x1F,0xF0,0x10,0x10,/*"日",8*/
N
N    0xD4,0xC2, 0x00,0x00,0x1F,0xF8,0x10,0x08,0x10,0x08,0x10,0x08,0x1F,0xF8,0x10,0x08,0x10,0x08,
N    0x10,0x08,0x1F,0xF8,0x10,0x08,0x10,0x08,0x20,0x08,0x20,0x08,0x40,0x28,0x80,0x10,/*"月",0*/
N
N    0xEA,0xD7, 0x00,0x00,0x07,0xBC,0xF0,0x84,0x94,0xA4,0x92,0x94,0x94,0xA4,0x91,0x20,0xF2,0x10,
N    0x97,0xFC,0x9A,0x20,0x93,0xFC,0x92,0x20,0xF3,0xFC,0x92,0x20,0x03,0xFE,0x02,0x00,/*"曜",9*/
N
N    0xBD,0xF0, 0x01,0x00,0x01,0x00,0x02,0x80,0x04,0x40,0x08,0x20,0x10,0x10,0x2F,0xE8,0xC1,0x06,
N    0x01,0x00,0x3F,0xF8,0x01,0x00,0x11,0x10,0x09,0x10,0x09,0x20,0xFF,0xFE,0x00,0x00,/*"金",10*/
N
N    0xC4,0xBE, 0x01,0x00,0x01,0x00,0x01,0x00,0x01,0x00,0x7F,0xFC,0x03,0x80,0x05,0x40,0x05,0x40,
N    0x09,0x20,0x11,0x10,0x21,0x08,0x41,0x04,0x81,0x02,0x01,0x00,0x01,0x00,0x01,0x00,/*"木",11*/
N
N    0xCB,0xAE, 0x01,0x00,0x01,0x00,0x01,0x00,0x01,0x08,0x01,0x08,0x7D,0x90,0x05,0xA0,0x09,0x40,
N    0x09,0x40,0x11,0x20,0x11,0x10,0x21,0x08,0x41,0x06,0x81,0x00,0x05,0x00,0x02,0x00,/*"水",12*/
N
N    0xBB,0xF0, 0x01,0x00,0x01,0x00,0x01,0x00,0x11,0x08,0x11,0x08,0x11,0x10,0x21,0x20,0x21,0x00,
N    0x42,0x80,0x02,0x80,0x04,0x40,0x04,0x40,0x08,0x20,0x10,0x10,0x20,0x08,0xC0,0x06,/*"火",13*/
N
N    0xCD,0xC1, 0x01,0x00,0x01,0x00,0x01,0x00,0x01,0x00,0x01,0x00,0x01,0x00,0x3F,0xF8,0x01,0x00,
N    0x01,0x00,0x01,0x00,0x01,0x00,0x01,0x00,0x01,0x00,0x01,0x00,0xFF,0xFE,0x00,0x00,/*"土",14*/
N    /* 最后一行必须用0xFF,0xFF结束，这是字库数组结束标志 */
N    0xFF,0xFF
N
N};
