L 1 "..\..\User\UserBsp\LCD_Driver\hz32.c"
N/*
N***********************************************************************************
N*                    作    者: 徐松亮
N*                    更新时间: 2015-06-03
N***********************************************************************************
N*/
N/*
N*********************************************************************************************************
N*
N*	模块名称 : 汉字点阵字库。有效显示区 高32x宽32, 最右一列留白
N*	文件名称 : hz32.c
N*	版    本 : V1.0
N*	说    明 : 只包含本程序用到汉字字库
N*	修改记录 :
N*		版本号  日期       作者    说明
N*		v1.0    2011-09-08 XSL    ST固件库V3.5.0版本。
N*
N*	Copyright (C), 2010-2011, XSL
N*
N*********************************************************************************************************
N*/
N
N
N/*
N	FLASH中内嵌小字库，只包括本程序用到的汉字点阵
N	每行点阵数据，头2字节是汉子的内码，后面字节是点阵汉子的字模数据。
N*/
N
Nunsigned char const g_Hz32[] = {
N/* 最后一行必须用0xFF,0xFF结束，这是字库数组结束标志 */
N0xFF,0xFF
N
N};
