L 1 "..\..\User\UserModule\Relay.c"
N/*
N***********************************************************************************
N*                    作    者: 徐松亮
N*                    更新时间: 2015-06-03
N***********************************************************************************
N*/
N//------------------------------- Includes --------------------
N#include "Relay.h"
L 1 "..\..\User\UserModule\Relay.h" 1
N/*
N***********************************************************************************
N*                    作    者: 徐松亮
N*                    更新时间: 2015-06-03
N***********************************************************************************
N*/
N//-------------------------------------------------------------------------------使用开关
N#define RELAY_ENABLE
N//-----
N#ifdef RELAY_ENABLE
N//-------------------------------------------------------------------------------
N#ifndef __RELAY_H
N#define __RELAY_H
N
C "..\..\User\UserModule\Relay.h" 15 22 cannot open source input file "includes.h": No such file or directory
N#include "includes.h"
