L 1 "..\..\User\UserBsp\Stm32F4\stm32f4xx_assert.c"
N/*
N*********************************************************************************************************
N*	                                  
N*	模块名称 : 断言模块。
N*	文件名称 : stm32f4xx_assert.c
N*	版    本 : V1.0
N*	说    明 : 提供断言函数,主要用于程序调试。ST固件库中的函数均可以对输入参数进行检查，提高程序的健壮性。
N*			   这个文件是安富莱电子创建的文件，不属于标准库的文件，ST固件库的范例将这些函数放在main.c文件。
N*			   我们认为这个和用户的具体应用无关，因此将其独立出来，使main.c文件看起来更加简洁一些。
N*	修改记录 :
N*		版本号  日期       作者    说明
N*		V1.0    2013-02-01 armfly  正式发布
N*
N*	Copyright (C), 2013-2014, 安富莱电子 www.armfly.com
N*
N*********************************************************************************************************
N*/
N
C "..\..\User\UserBsp\Stm32F4\stm32f4xx_assert.c" 19 24 cannot open source input file "stm32f4xx.h": No such file or directory
N#include "stm32f4xx.h"	
