L 1 "..\..\Libraries\STM32F4xx_StdPeriph_Driver\src\stm32f4xx_pwr.c"
N/**
N  ******************************************************************************
N  * @file    stm32f4xx_pwr.c
N  * @author  MCD Application Team
N  * @version V1.3.0
N  * @date    08-November-2013
N  * @brief   This file provides firmware functions to manage the following 
N  *          functionalities of the Power Controller (PWR) peripheral:           
N  *           + Backup Domain Access
N  *           + PVD configuration
N  *           + WakeUp pin configuration
N  *           + Main and Backup Regulators configuration
N  *           + FLASH Power Down configuration
N  *           + Low Power modes configuration
N  *           + Flags management
N  *               
N  ******************************************************************************
N  * @attention
N  *
N  * <h2><center>&copy; COPYRIGHT 2013 STMicroelectronics</center></h2>
N  *
N  * Licensed under MCD-ST Liberty SW License Agreement V2, (the "License");
N  * You may not use this file except in compliance with the License.
N  * You may obtain a copy of the License at:
N  *
N  *        http://www.st.com/software_license_agreement_liberty_v2
N  *
N  * Unless required by applicable law or agreed to in writing, software 
N  * distributed under the License is distributed on an "AS IS" BASIS, 
N  * WITHOUT WARRANTIES OR CONDITIONS OF ANY KIND, either express or implied.
N  * See the License for the specific language governing permissions and
N  * limitations under the License.
N  *
N  ******************************************************************************
N  */ 
N
N/* Includes ------------------------------------------------------------------*/
N#include "stm32f4xx_pwr.h"
L 1 "..\..\Libraries\STM32F4xx_StdPeriph_Driver\inc\stm32f4xx_pwr.h" 1
N/**
N  ******************************************************************************
N  * @file    stm32f4xx_pwr.h
N  * @author  MCD Application Team
N  * @version V1.3.0
N  * @date    08-November-2013
N  * @brief   This file contains all the functions prototypes for the PWR firmware 
N  *          library.
N  ******************************************************************************
N  * @attention
N  *
N  * <h2><center>&copy; COPYRIGHT 2013 STMicroelectronics</center></h2>
N  *
N  * Licensed under MCD-ST Liberty SW License Agreement V2, (the "License");
N  * You may not use this file except in compliance with the License.
N  * You may obtain a copy of the License at:
N  *
N  *        http://www.st.com/software_license_agreement_liberty_v2
N  *
N  * Unless required by applicable law or agreed to in writing, software 
N  * distributed under the License is distributed on an "AS IS" BASIS, 
N  * WITHOUT WARRANTIES OR CONDITIONS OF ANY KIND, either express or implied.
N  * See the License for the specific language governing permissions and
N  * limitations under the License.
N  *
N  ******************************************************************************
N  */ 
N
N/* Define to prevent recursive inclusion -------------------------------------*/
N#ifndef __STM32F4xx_PWR_H
N#define __STM32F4xx_PWR_H
N
N#ifdef __cplusplus
S extern "C" {
N#endif
N
N/* Includes ------------------------------------------------------------------*/
C "..\..\Libraries\STM32F4xx_StdPeriph_Driver\inc\stm32f4xx_pwr.h" 38 23 cannot open source input file "stm32f4xx.h": No such file or directory
N#include "stm32f4xx.h"
