L 1 "..\..\User\UserTask\uctsk_Sensor.c"
N/*
N***********************************************************************************
N*                    作    者: 徐松亮
N*                    更新时间: 2015-06-03
N***********************************************************************************
N*/
N#include "uctsk_Sensor.h"
L 1 "..\..\User\UserTask\uctsk_Sensor.h" 1
N/*
N***********************************************************************************
N*                    作    者: 徐松亮
N*                    更新时间: 2015-06-03
N***********************************************************************************
N*/
N#ifndef __SENSOR_H
N#define __SENSOR_H
N//-------------------加载库函数------------------------------
C "..\..\User\UserTask\uctsk_Sensor.h" 10 22 cannot open source input file "includes.h": No such file or directory
N#include "includes.h"
