L 1 "..\..\User\UserTask\uctsk_GprsNet.c"
N/*
N***********************************************************************************
N*                    作    者: 徐松亮
N*                    更新时间: 2015-06-03
N***********************************************************************************
N*/
N//================================
N#include "uctsk_GprsNet.h"
L 1 "..\..\User\UserTask\uctsk_GprsNet.h" 1
N/*
N***********************************************************************************
N*                    作    者: 徐松亮
N*                    更新时间: 2015-05-29
N***********************************************************************************
N* 最初版本  ---   支持M10/M12模块
N* 20150612  XSL   加入uBlox公司的lisa-U200系列模块
N*/
N//--------------------------------
N#ifndef __UCTSK_GPRS_NET_H
N#define __UCTSK_GPRS_NET_H
N
C "..\..\User\UserTask\uctsk_GprsNet.h" 13 22 cannot open source input file "includes.h": No such file or directory
N#include "includes.h"
