L 1 "..\..\Libraries\STM32_USB_OTG_Driver\src\usb_core.c"
N/**
N  ******************************************************************************
N  * @file    usb_core.c
N  * @author  MCD Application Team
N  * @version V2.1.0
N  * @date    19-March-2012
N  * @brief   USB-OTG Core Layer
N  ******************************************************************************
N  * @attention
N  *
N  * <h2><center>&copy; COPYRIGHT 2012 STMicroelectronics</center></h2>
N  *
N  * Licensed under MCD-ST Liberty SW License Agreement V2, (the "License");
N  * You may not use this file except in compliance with the License.
N  * You may obtain a copy of the License at:
N  *
N  *        http://www.st.com/software_license_agreement_liberty_v2
N  *
N  * Unless required by applicable law or agreed to in writing, software 
N  * distributed under the License is distributed on an "AS IS" BASIS, 
N  * WITHOUT WARRANTIES OR CONDITIONS OF ANY KIND, either express or implied.
N  * See the License for the specific language governing permissions and
N  * limitations under the License.
N  *
N  ******************************************************************************
N  */
N
N/* Includes ------------------------------------------------------------------*/
C "..\..\Libraries\STM32_USB_OTG_Driver\src\usb_core.c" 29 22 cannot open source input file "usb_core.h": No such file or directory
N#include "usb_core.h"
