L 1 "..\..\User\USB-VCP\src\usbd_desc.c"
N/**
N  ******************************************************************************
N  * @file    usbd_desc.c
N  * @author  MCD Application Team
N  * @version V1.1.0
N  * @date    19-March-2012
N  * @brief   This file provides the USBD descriptors and string formating method.
N  ******************************************************************************
N  * @attention
N  *
N  * <h2><center>&copy; COPYRIGHT 2012 STMicroelectronics</center></h2>
N  *
N  * Licensed under MCD-ST Liberty SW License Agreement V2, (the "License");
N  * You may not use this file except in compliance with the License.
N  * You may obtain a copy of the License at:
N  *
N  *        http://www.st.com/software_license_agreement_liberty_v2
N  *
N  * Unless required by applicable law or agreed to in writing, software 
N  * distributed under the License is distributed on an "AS IS" BASIS, 
N  * WITHOUT WARRANTIES OR CONDITIONS OF ANY KIND, either express or implied.
N  * See the License for the specific language governing permissions and
N  * limitations under the License.
N  *
N  ******************************************************************************
N  */ 
N
N/* Includes ------------------------------------------------------------------*/
C "..\..\User\USB-VCP\src\usbd_desc.c" 29 23 cannot open source input file "usbd_core.h": No such file or directory
N#include "usbd_core.h"
